TN:
SF:src/index.js
FN:3,displayGreeting
FN:5,getUserName
FN:13,startGameProcess
FNF:3
FNH:1
FNDA:0,displayGreeting
FNDA:1,getUserName
FNDA:0,startGameProcess
DA:1,1
DA:2,1
DA:3,1
DA:4,1
DA:5,1
DA:6,1
DA:7,1
DA:8,1
DA:9,1
DA:10,1
DA:11,1
DA:12,1
DA:13,1
DA:14,0
DA:15,0
DA:16,0
DA:17,0
DA:18,0
DA:19,0
DA:20,0
DA:21,0
DA:22,0
DA:23,0
DA:24,0
DA:25,0
DA:26,0
DA:27,0
DA:28,0
DA:29,0
DA:30,0
DA:31,0
DA:32,0
DA:33,0
DA:34,0
LF:34
LH:13
BRDA:5,0,0,1
BRF:1
BRH:1
end_of_record
TN:
SF:src/games/calc.js
FN:3,getRandomNumber
FN:5,askQuestion
FN:26,startCalcGame
FNF:3
FNH:2
FNDA:18,getRandomNumber
FNDA:2,askQuestion
FNDA:0,startCalcGame
DA:1,1
DA:2,1
DA:3,1
DA:4,1
DA:5,1
DA:6,2
DA:7,2
DA:8,2
DA:9,2
DA:10,2
DA:11,2
DA:12,2
DA:13,6
DA:14,6
DA:15,6
DA:16,6
DA:17,6
DA:18,6
DA:19,6
DA:20,6
DA:21,6
DA:22,6
DA:23,6
DA:24,6
DA:25,1
DA:26,1
DA:27,0
DA:28,0
DA:29,0
DA:30,1
DA:31,1
LF:31
LH:28
BRDA:3,0,0,18
BRDA:5,1,0,2
BRDA:12,2,0,6
BRF:3
BRH:3
end_of_record
